<?xml version="1.0" encoding="UTF-8"?>
<testng-results ignored="0" total="3" passed="3" failed="0" skipped="0">
  <reporter-output>
  </reporter-output>
  <suite started-at="2023-11-12T15:07:57 IST" name="Default suite" finished-at="2023-11-12T15:08:01 IST" duration-ms="4090">
    <groups>
    </groups>
    <test started-at="2023-11-12T15:07:57 IST" name="Default test" finished-at="2023-11-12T15:08:01 IST" duration-ms="4090">
      <class name="DynamicJson2">
        <test-method signature="UpdatingBooksData(java.lang.String,int)[pri:0, instance:DynamicJson2@4681c175]" started-at="2023-11-12T15:07:57 IST" name="UpdatingBooksData" data-provider="Allbooksdata" finished-at="2023-11-12T15:08:01 IST" duration-ms="3563" status="PASS">
          <params>
            <param index="0">
              <value>
                <![CDATA[abc]]>
              </value>
            </param>
            <param index="1">
              <value>
                <![CDATA[123]]>
              </value>
            </param>
          </params>
          <reporter-output>
          </reporter-output>
        </test-method> <!-- UpdatingBooksData -->
        <test-method signature="UpdatingBooksData(java.lang.String,int)[pri:0, instance:DynamicJson2@4681c175]" started-at="2023-11-12T15:08:01 IST" name="UpdatingBooksData" data-provider="Allbooksdata" finished-at="2023-11-12T15:08:01 IST" duration-ms="242" status="PASS">
          <params>
            <param index="0">
              <value>
                <![CDATA[def]]>
              </value>
            </param>
            <param index="1">
              <value>
                <![CDATA[456]]>
              </value>
            </param>
          </params>
          <reporter-output>
          </reporter-output>
        </test-method> <!-- UpdatingBooksData -->
        <test-method signature="UpdatingBooksData(java.lang.String,int)[pri:0, instance:DynamicJson2@4681c175]" started-at="2023-11-12T15:08:01 IST" name="UpdatingBooksData" data-provider="Allbooksdata" finished-at="2023-11-12T15:08:01 IST" duration-ms="211" status="PASS">
          <params>
            <param index="0">
              <value>
                <![CDATA[ghi]]>
              </value>
            </param>
            <param index="1">
              <value>
                <![CDATA[789]]>
              </value>
            </param>
          </params>
          <reporter-output>
          </reporter-output>
        </test-method> <!-- UpdatingBooksData -->
      </class> <!-- DynamicJson2 -->
    </test> <!-- Default test -->
  </suite> <!-- Default suite -->
</testng-results>
