<?xml version="1.0" encoding="UTF-8"?>
<!-- Generated by org.testng.reporters.JUnitXMLReporter -->
<testsuite ignored="0" hostname="IBM-116PTN3" failures="0" tests="3" name="common module" time="0.064" errors="0" timestamp="2023-11-06T09:36:09 IST">
  <testcase classname="module1.SampleTest1" name="test3" time="0.008"/>
  <testcase classname="module1.SampleTest1" name="test2" time="0.003"/>
  <testcase classname="module1.SampleTest1" name="test1" time="0.001"/>
</testsuite> <!-- common module -->
