<?xml version="1.0" encoding="UTF-8"?>
<!-- Generated by org.testng.reporters.JUnitXMLReporter -->
<testsuite ignored="4" hostname="IBM-116PTN3" failures="0" tests="2" name="module1" time="0.028" errors="0" timestamp="2023-11-12T15:14:28 IST">
  <testcase classname="module1.SampleTest1" name="test2" time="0.002"/>
  <testcase classname="module1.SampleTest1" name="test1" time="0.003"/>
  <testcase classname="module1.SampleTest2" name="test5" time="0.0">
    <ignored/>
  </testcase> <!-- test5 -->
  <testcase classname="module1.SampleTest1" name="ST1" time="0.0">
    <ignored/>
  </testcase> <!-- ST1 -->
  <testcase classname="module1.SampleTest1" name="test3" time="0.0">
    <ignored/>
  </testcase> <!-- test3 -->
  <testcase classname="module1.SampleTest2" name="test4" time="0.0">
    <ignored/>
  </testcase> <!-- test4 -->
</testsuite> <!-- module1 -->
