<?xml version="1.0" encoding="UTF-8"?>
<!-- Generated by org.testng.reporters.JUnitXMLReporter -->
<testsuite ignored="0" hostname="IBM-116PTN3" failures="0" tests="3" name="Default test" time="4.09" errors="0" timestamp="2023-11-12T15:08:01 IST">
  <testcase classname="DynamicJson2" name="UpdatingBooksData" time="3.563"/>
  <testcase classname="DynamicJson2" name="UpdatingBooksData" time="0.242"/>
  <testcase classname="DynamicJson2" name="UpdatingBooksData" time="0.211"/>
</testsuite> <!-- Default test -->
